SF:lib/features/home/data/repositories/product_repository.dart
DA:4,0
DA:6,0
DA:7,0
DA:14,0
LF:4
LH:0
end_of_record
SF:lib/features/home/domain/entities/product.dart
DA:10,1
DA:17,0
DA:18,0
DA:19,0
DA:20,0
DA:21,0
DA:22,0
DA:23,0
DA:27,0
DA:28,0
DA:29,0
DA:30,0
DA:31,0
DA:32,0
DA:33,0
DA:37,0
DA:38,0
DA:39,0
DA:40,0
DA:41,0
DA:42,0
DA:43,0
LF:22
LH:1
end_of_record
SF:lib/features/home/presentation/bloc/product_bloc.dart
DA:9,3
DA:10,1
DA:13,0
DA:15,0
DA:17,0
DA:18,0
DA:19,0
DA:20,0
DA:21,0
DA:23,0
DA:24,0
DA:27,0
LF:12
LH:2
end_of_record
SF:lib/features/home/presentation/bloc/product_event.dart
DA:6,0
DA:7,0
LF:2
LH:0
end_of_record
SF:lib/features/home/presentation/bloc/product_state.dart
DA:7,0
DA:8,0
DA:14,0
DA:16,0
DA:17,0
DA:23,0
DA:25,0
DA:26,0
LF:8
LH:0
end_of_record
SF:lib/core/realm/item.g.dart
DA:11,0
DA:18,0
DA:19,0
DA:20,0
DA:21,0
DA:22,0
DA:23,0
DA:26,0
DA:28,0
DA:29,0
DA:30,0
DA:31,0
DA:33,0
DA:35,0
DA:36,0
DA:38,0
DA:40,0
DA:42,0
DA:43,0
DA:44,0
DA:46,0
DA:47,0
DA:48,0
DA:49,0
DA:51,0
DA:53,0
DA:54,0
DA:56,0
DA:58,0
DA:60,0
DA:62,0
DA:63,0
DA:65,0
DA:67,0
DA:68,0
LF:35
LH:0
end_of_record
